<?xml version="1.0" encoding="utf-8"?><testsuites name="pytest tests"><testsuite name="pytest" errors="0" failures="2" skipped="0" tests="11" time="1.792" timestamp="2026-03-10T19:09:05.435370+00:00" hostname="agent-env-d14da59f-3a0a-4f00-b460-ec122d4c50a7"><testcase classname="backend.tests.test_ad_performance_report.TestAdPerformanceReport" name="test_generate_report_default_params" time="0.160" /><testcase classname="backend.tests.test_ad_performance_report.TestAdPerformanceReport" name="test_generate_report_all_dimensions" time="0.107"><failure message="AssertionError: assert 'insertion_order' in {'clicks': 710, 'conversions': 80, 'creative_name': 'Video_15s_16', 'ctr': 0.6, ...}">backend/tests/test_ad_performance_report.py:68: in test_generate_report_all_dimensions
    assert "insertion_order" in row
E   AssertionError: assert 'insertion_order' in {'clicks': 710, 'conversions': 80, 'creative_name': 'Video_15s_16', 'ctr': 0.6, ...}</failure></testcase><testcase classname="backend.tests.test_ad_performance_report.TestAdPerformanceReport" name="test_generate_report_single_dimension" time="0.131"><failure message="AssertionError: assert 'domain' not in {'clicks': 710, 'conversions': 80, 'creative_name': 'Video_15s_16', 'ctr': 0.6, ...}">backend/tests/test_ad_performance_report.py:87: in test_generate_report_single_dimension
    assert "domain" not in row
E   AssertionError: assert 'domain' not in {'clicks': 710, 'conversions': 80, 'creative_name': 'Video_15s_16', 'ctr': 0.6, ...}</failure></testcase><testcase classname="backend.tests.test_ad_performance_report.TestAdPerformanceReport" name="test_generate_report_performance_metrics" time="0.156" /><testcase classname="backend.tests.test_ad_performance_report.TestAdPerformanceReport" name="test_generate_report_video_metrics" time="0.117" /><testcase classname="backend.tests.test_ad_performance_report.TestAdPerformanceReport" name="test_generate_report_date_range" time="0.117" /><testcase classname="backend.tests.test_ad_performance_report.TestAdPerformanceReport" name="test_export_csv" time="0.114" /><testcase classname="backend.tests.test_ad_performance_report.TestAdPerformanceReport" name="test_export_csv_all_dimensions" time="0.148" /><testcase classname="backend.tests.test_ad_performance_report.TestAdPerformanceReport" name="test_export_excel" time="0.110" /><testcase classname="backend.tests.test_ad_performance_report.TestAdPerformanceReport" name="test_export_excel_file_content" time="0.268" /><testcase classname="backend.tests.test_ad_performance_report.TestAdPerformanceReport" name="test_report_max_rows_limit" time="0.222" /></testsuite></testsuites>