<?xml version="1.0" encoding="utf-8"?><testsuites name="pytest tests"><testsuite name="pytest" errors="0" failures="0" skipped="1" tests="23" time="3.688" timestamp="2026-03-19T12:26:17.331266+00:00" hostname="agent-env-d14da59f-3a0a-4f00-b460-ec122d4c50a7"><testcase classname="backend.tests.test_iteration30.TestAuthentication" name="test_super_admin_login" time="0.212" /><testcase classname="backend.tests.test_iteration30.TestAuthentication" name="test_admin_login" time="0.104" /><testcase classname="backend.tests.test_iteration30.TestAuthentication" name="test_advertiser_login" time="0.132" /><testcase classname="backend.tests.test_iteration30.TestAccessRestrictions" name="test_super_admin_has_admin_panel_access" time="0.231" /><testcase classname="backend.tests.test_iteration30.TestAccessRestrictions" name="test_admin_has_admin_panel_access" time="0.251" /><testcase classname="backend.tests.test_iteration30.TestAccessRestrictions" name="test_advertiser_cannot_access_admin_users" time="0.244" /><testcase classname="backend.tests.test_iteration30.TestAccessRestrictions" name="test_advertiser_cannot_access_role_configs" time="0.108" /><testcase classname="backend.tests.test_iteration30.TestAccessRestrictions" name="test_admin_cannot_access_super_admin_only_endpoints" time="0.134" /><testcase classname="backend.tests.test_iteration30.TestAccessRestrictions" name="test_user_sidebar_access_field" time="0.341" /><testcase classname="backend.tests.test_iteration30.TestBulkDeleteAPI" name="test_bulk_delete_requires_super_admin" time="0.141" /><testcase classname="backend.tests.test_iteration30.TestBulkDeleteAPI" name="test_bulk_delete_requires_user_ids" time="0.121" /><testcase classname="backend.tests.test_iteration30.TestBulkDeleteAPI" name="test_bulk_delete_cannot_delete_self" time="0.211" /><testcase classname="backend.tests.test_iteration30.TestBulkDeleteAPI" name="test_bulk_delete_returns_deleted_count" time="0.119"><skipped type="pytest.skip" message="Could not create test user for bulk delete test">/app/backend/tests/test_iteration30.py:206: Could not create test user for bulk delete test</skipped></testcase><testcase classname="backend.tests.test_iteration30.TestWebSocketNotifications" name="test_notification_status_endpoint_exists" time="0.111" /><testcase classname="backend.tests.test_iteration30.TestWebSocketNotifications" name="test_notification_status_returns_users_for_super_admin" time="0.107" /><testcase classname="backend.tests.test_iteration30.TestWebSocketNotifications" name="test_notification_status_admin_access" time="0.104" /><testcase classname="backend.tests.test_iteration30.TestWebSocketNotifications" name="test_notification_status_advertiser_denied" time="0.112" /><testcase classname="backend.tests.test_iteration30.TestWebSocketNotifications" name="test_broadcast_endpoint_super_admin_only" time="0.246" /><testcase classname="backend.tests.test_iteration30.TestSidebarAccessEndpoints" name="test_sidebar_items_endpoint" time="0.140" /><testcase classname="backend.tests.test_iteration30.TestSidebarAccessEndpoints" name="test_permissions_endpoint" time="0.100" /><testcase classname="backend.tests.test_iteration30.TestUserManagementHierarchy" name="test_super_admin_can_see_all_users" time="0.107" /><testcase classname="backend.tests.test_iteration30.TestUserManagementHierarchy" name="test_admin_can_only_see_their_advertisers" time="0.127" /><testcase classname="backend.tests.test_iteration30.TestUserManagementHierarchy" name="test_hierarchy_endpoint" time="0.127" /></testsuite></testsuites>