<?xml version="1.0" encoding="utf-8"?><testsuites name="pytest tests"><testsuite name="pytest" errors="0" failures="0" skipped="0" tests="16" time="5.859" timestamp="2026-03-16T11:35:12.962347+00:00" hostname="agent-env-d14da59f-3a0a-4f00-b460-ec122d4c50a7"><testcase classname="backend.tests.test_bug_fixes_iteration19.TestBidStreamStatsFix" name="test_bid_stream_stats_endpoint_returns_correct_structure" time="0.136" /><testcase classname="backend.tests.test_bug_fixes_iteration19.TestBidStreamStatsFix" name="test_bid_stream_stats_shows_correct_count" time="0.117" /><testcase classname="backend.tests.test_bug_fixes_iteration19.TestBidStreamStatsFix" name="test_bid_stream_stats_bid_rate_calculation" time="0.108" /><testcase classname="backend.tests.test_bug_fixes_iteration19.TestBidStreamStatsFix" name="test_force_refresh_syncs_from_db" time="0.280" /><testcase classname="backend.tests.test_bug_fixes_iteration19.TestSSPAnalyticsSpendFix" name="test_ssp_overview_returns_correct_spend" time="0.114" /><testcase classname="backend.tests.test_bug_fixes_iteration19.TestSSPAnalyticsSpendFix" name="test_ssp_ranking_spend_is_accurate" time="0.108" /><testcase classname="backend.tests.test_bug_fixes_iteration19.TestSSPAnalyticsSpendFix" name="test_recalculate_stats_endpoint" time="0.173" /><testcase classname="backend.tests.test_bug_fixes_iteration19.TestSSPAnalyticsSpendFix" name="test_recalculate_stats_shows_changes" time="0.167" /><testcase classname="backend.tests.test_bug_fixes_iteration19.TestAdPerformanceReportDimensions" name="test_source_dimension_returns_real_data" time="0.520" /><testcase classname="backend.tests.test_bug_fixes_iteration19.TestAdPerformanceReportDimensions" name="test_domain_dimension_returns_data" time="0.573" /><testcase classname="backend.tests.test_bug_fixes_iteration19.TestAdPerformanceReportDimensions" name="test_bundle_dimension_returns_app_bundles" time="0.553" /><testcase classname="backend.tests.test_bug_fixes_iteration19.TestAdPerformanceReportDimensions" name="test_app_name_dimension_returns_app_names" time="0.560" /><testcase classname="backend.tests.test_bug_fixes_iteration19.TestAdPerformanceReportDimensions" name="test_ip_dimension_returns_ip_addresses" time="0.720" /><testcase classname="backend.tests.test_bug_fixes_iteration19.TestAdPerformanceReportDimensions" name="test_device_ifa_dimension_returns_device_ids" time="0.686" /><testcase classname="backend.tests.test_bug_fixes_iteration19.TestAdPerformanceReportDimensions" name="test_all_new_dimensions_combined" time="0.791" /><testcase classname="backend.tests.test_bug_fixes_iteration19.TestWebSocketBidStream" name="test_bid_stream_endpoint_exists" time="0.128" /></testsuite></testsuites>