<?xml version="1.0" encoding="utf-8"?><testsuites name="pytest tests"><testsuite name="pytest" errors="0" failures="0" skipped="0" tests="24" time="2.387" timestamp="2026-03-05T19:27:11.943202+00:00" hostname="agent-env-d14da59f-3a0a-4f00-b460-ec122d4c50a7"><testcase classname="backend.tests.test_phase6_features.TestCampaignComparison" name="test_compare_two_campaigns" time="0.332" /><testcase classname="backend.tests.test_phase6_features.TestCampaignComparison" name="test_compare_three_campaigns" time="0.071" /><testcase classname="backend.tests.test_phase6_features.TestCampaignComparison" name="test_compare_single_campaign_fails" time="0.074" /><testcase classname="backend.tests.test_phase6_features.TestCampaignComparison" name="test_compare_invalid_campaign" time="0.060" /><testcase classname="backend.tests.test_phase6_features.TestABTesting" name="test_get_ab_tests" time="0.050" /><testcase classname="backend.tests.test_phase6_features.TestABTesting" name="test_create_ab_test" time="0.067" /><testcase classname="backend.tests.test_phase6_features.TestABTesting" name="test_get_single_ab_test" time="0.124" /><testcase classname="backend.tests.test_phase6_features.TestABTesting" name="test_update_ab_test_status" time="0.165" /><testcase classname="backend.tests.test_phase6_features.TestFraudDetection" name="test_get_fraud_stats" time="0.060" /><testcase classname="backend.tests.test_phase6_features.TestFraudDetection" name="test_check_clean_request" time="0.058" /><testcase classname="backend.tests.test_phase6_features.TestFraudDetection" name="test_check_bot_request" time="0.065" /><testcase classname="backend.tests.test_phase6_features.TestFraudDetection" name="test_check_missing_fields" time="0.064" /><testcase classname="backend.tests.test_phase6_features.TestViewabilityPrediction" name="test_get_viewability_stats" time="0.064" /><testcase classname="backend.tests.test_phase6_features.TestViewabilityPrediction" name="test_predict_viewability_mobile" time="0.057" /><testcase classname="backend.tests.test_phase6_features.TestViewabilityPrediction" name="test_predict_viewability_ctv" time="0.054" /><testcase classname="backend.tests.test_phase6_features.TestViewabilityPrediction" name="test_predict_viewability_interstitial" time="0.060" /><testcase classname="backend.tests.test_phase6_features.TestCustomAudiences" name="test_get_audiences" time="0.061" /><testcase classname="backend.tests.test_phase6_features.TestCustomAudiences" name="test_create_audience" time="0.059" /><testcase classname="backend.tests.test_phase6_features.TestCustomAudiences" name="test_get_single_audience" time="0.116" /><testcase classname="backend.tests.test_phase6_features.TestCustomAudiences" name="test_delete_audience" time="0.172" /><testcase classname="backend.tests.test_phase6_features.TestBidStream" name="test_get_bid_stream" time="0.063" /><testcase classname="backend.tests.test_phase6_features.TestBidStream" name="test_get_bid_stream_with_limit" time="0.058" /><testcase classname="backend.tests.test_phase6_features.TestBidEndpointNoAuth" name="test_bid_endpoint_without_api_key" time="0.062" /><testcase classname="backend.tests.test_phase6_features.TestBidEndpointNoAuth" name="test_bid_endpoint_with_ortb_version_header" time="0.278" /></testsuite></testsuites>