<?xml version="1.0" encoding="utf-8"?><testsuites name="pytest tests"><testsuite name="pytest" errors="0" failures="0" skipped="0" tests="16" time="4.033" timestamp="2026-03-05T18:35:33.464027+00:00" hostname="agent-env-d14da59f-3a0a-4f00-b460-ec122d4c50a7"><testcase classname="backend.tests.test_phase4_features.TestCampaignInsights" name="test_get_campaign_insights" time="0.296" /><testcase classname="backend.tests.test_phase4_features.TestCampaignInsights" name="test_campaign_insight_structure" time="0.137" /><testcase classname="backend.tests.test_phase4_features.TestApplyRecommendation" name="test_apply_increase_bid" time="0.552" /><testcase classname="backend.tests.test_phase4_features.TestApplyRecommendation" name="test_apply_enable_shading" time="0.396" /><testcase classname="backend.tests.test_phase4_features.TestApplyRecommendation" name="test_apply_invalid_action" time="0.280" /><testcase classname="backend.tests.test_phase4_features.TestApplyRecommendation" name="test_apply_to_nonexistent_campaign" time="0.119" /><testcase classname="backend.tests.test_phase4_features.TestMLModels" name="test_get_all_ml_models" time="0.118" /><testcase classname="backend.tests.test_phase4_features.TestMLModels" name="test_get_ml_model_details" time="0.253" /><testcase classname="backend.tests.test_phase4_features.TestMLModels" name="test_get_ml_model_details_nonexistent" time="0.102" /><testcase classname="backend.tests.test_phase4_features.TestMultiCurrency" name="test_get_supported_currencies" time="0.115" /><testcase classname="backend.tests.test_phase4_features.TestMultiCurrency" name="test_currency_convert_usd_to_eur" time="0.123" /><testcase classname="backend.tests.test_phase4_features.TestMultiCurrency" name="test_currency_convert_eur_to_gbp" time="0.142" /><testcase classname="backend.tests.test_phase4_features.TestMultiCurrency" name="test_currency_convert_unsupported" time="0.161" /><testcase classname="backend.tests.test_phase4_features.TestMultiCurrency" name="test_currency_convert_jpy" time="0.107" /><testcase classname="backend.tests.test_phase4_features.TestCampaignCurrencyField" name="test_create_campaign_with_currency" time="0.388" /><testcase classname="backend.tests.test_phase4_features.TestCampaignCurrencyField" name="test_update_campaign_currency" time="0.658" /></testsuite></testsuites>