<?xml version="1.0" encoding="utf-8"?><testsuites name="pytest tests"><testsuite name="pytest" errors="0" failures="0" skipped="0" tests="24" time="3.249" timestamp="2026-03-19T12:13:34.164671+00:00" hostname="agent-env-d14da59f-3a0a-4f00-b460-ec122d4c50a7"><testcase classname="backend.tests.test_role_dashboard.TestSuperAdminDashboard" name="test_super_admin_dashboard_returns_correct_role" time="0.264" /><testcase classname="backend.tests.test_role_dashboard.TestSuperAdminDashboard" name="test_super_admin_welcome_message" time="0.119" /><testcase classname="backend.tests.test_role_dashboard.TestSuperAdminDashboard" name="test_super_admin_stats_has_total_admins" time="0.102" /><testcase classname="backend.tests.test_role_dashboard.TestSuperAdminDashboard" name="test_super_admin_platform_health" time="0.151" /><testcase classname="backend.tests.test_role_dashboard.TestSuperAdminDashboard" name="test_super_admin_has_top_admins_list" time="0.108" /><testcase classname="backend.tests.test_role_dashboard.TestSuperAdminDashboard" name="test_super_admin_all_required_fields" time="0.115" /><testcase classname="backend.tests.test_role_dashboard.TestAdminDashboard" name="test_admin_dashboard_returns_correct_role" time="0.214" /><testcase classname="backend.tests.test_role_dashboard.TestAdminDashboard" name="test_admin_welcome_message" time="0.109" /><testcase classname="backend.tests.test_role_dashboard.TestAdminDashboard" name="test_admin_stats_has_total_advertisers" time="0.122" /><testcase classname="backend.tests.test_role_dashboard.TestAdminDashboard" name="test_admin_has_top_advertisers_list" time="0.111" /><testcase classname="backend.tests.test_role_dashboard.TestAdminDashboard" name="test_admin_has_campaigns_by_status" time="0.109" /><testcase classname="backend.tests.test_role_dashboard.TestAdminDashboard" name="test_admin_all_required_fields" time="0.116" /><testcase classname="backend.tests.test_role_dashboard.TestAdvertiserDashboard" name="test_advertiser_dashboard_returns_correct_role" time="0.228" /><testcase classname="backend.tests.test_role_dashboard.TestAdvertiserDashboard" name="test_advertiser_welcome_message" time="0.106" /><testcase classname="backend.tests.test_role_dashboard.TestAdvertiserDashboard" name="test_advertiser_stats_has_ctr" time="0.112" /><testcase classname="backend.tests.test_role_dashboard.TestAdvertiserDashboard" name="test_advertiser_has_top_campaigns" time="0.137" /><testcase classname="backend.tests.test_role_dashboard.TestAdvertiserDashboard" name="test_advertiser_has_recent_creatives" time="0.137" /><testcase classname="backend.tests.test_role_dashboard.TestAdvertiserDashboard" name="test_advertiser_all_required_fields" time="0.117" /><testcase classname="backend.tests.test_role_dashboard.TestDashboardAuthentication" name="test_dashboard_role_data_requires_auth" time="0.106" /><testcase classname="backend.tests.test_role_dashboard.TestDashboardAuthentication" name="test_dashboard_role_data_invalid_token" time="0.110" /><testcase classname="backend.tests.test_role_dashboard.TestRoleSpecificData" name="test_super_admin_does_not_have_top_campaigns" time="0.107" /><testcase classname="backend.tests.test_role_dashboard.TestRoleSpecificData" name="test_admin_does_not_have_platform_health" time="0.126" /><testcase classname="backend.tests.test_role_dashboard.TestRoleSpecificData" name="test_advertiser_does_not_have_top_advertisers" time="0.122" /><testcase classname="backend.tests.test_role_dashboard.TestRoleSpecificData" name="test_super_admin_has_total_endpoints" time="0.112" /></testsuite></testsuites>