<?xml version="1.0" encoding="utf-8"?><testsuites name="pytest tests"><testsuite name="pytest" errors="0" failures="0" skipped="0" tests="13" time="6.657" timestamp="2026-03-23T06:59:11.280767+00:00" hostname="agent-env-d14da59f-3a0a-4f00-b460-ec122d4c50a7"><testcase classname="backend.tests.test_bug_fixes_iteration34.TestAuthentication" name="test_login_success" time="0.529" /><testcase classname="backend.tests.test_bug_fixes_iteration34.TestAuthentication" name="test_login_invalid_credentials" time="0.099" /><testcase classname="backend.tests.test_bug_fixes_iteration34.TestAuthentication" name="test_protected_endpoint_without_token" time="0.100" /><testcase classname="backend.tests.test_bug_fixes_iteration34.TestAuthentication" name="test_protected_endpoint_with_token" time="0.362" /><testcase classname="backend.tests.test_bug_fixes_iteration34.TestImpressionPixels" name="test_create_creative_with_impression_pixels" time="0.378" /><testcase classname="backend.tests.test_bug_fixes_iteration34.TestImpressionPixels" name="test_get_creative_returns_impression_pixels" time="0.519" /><testcase classname="backend.tests.test_bug_fixes_iteration34.TestImpressionPixels" name="test_update_creative_impression_pixels" time="0.465" /><testcase classname="backend.tests.test_bug_fixes_iteration34.TestFrequencyCapping" name="test_create_campaign_with_frequency_capping" time="0.494" /><testcase classname="backend.tests.test_bug_fixes_iteration34.TestFrequencyCapping" name="test_update_campaign_frequency_capping" time="0.568" /><testcase classname="backend.tests.test_bug_fixes_iteration34.TestFrequencyCapping" name="test_get_campaign_returns_frequency_capping" time="0.565" /><testcase classname="backend.tests.test_bug_fixes_iteration34.TestBidResponseImpressionPixels" name="test_bid_response_includes_impression_pixels_in_adm" time="0.532" /><testcase classname="backend.tests.test_bug_fixes_iteration34.TestCleanup" name="test_cleanup_test_campaigns" time="0.855" /><testcase classname="backend.tests.test_bug_fixes_iteration34.TestCleanup" name="test_cleanup_test_creatives" time="1.121" /></testsuite></testsuites>