<?xml version="1.0" encoding="utf-8"?><testsuites name="pytest tests"><testsuite name="pytest" errors="0" failures="0" skipped="0" tests="21" time="4.593" timestamp="2026-03-05T18:09:52.342122+00:00" hostname="agent-env-d14da59f-3a0a-4f00-b460-ec122d4c50a7"><testcase classname="backend.tests.test_phase3_features.TestCampaignWithPhase3Features" name="test_create_campaign_with_frequency_cap" time="0.272" /><testcase classname="backend.tests.test_phase3_features.TestCampaignWithPhase3Features" name="test_create_campaign_with_spo" time="0.251" /><testcase classname="backend.tests.test_phase3_features.TestCampaignWithPhase3Features" name="test_create_campaign_with_ml_prediction" time="0.373" /><testcase classname="backend.tests.test_phase3_features.TestCampaignWithPhase3Features" name="test_create_campaign_with_all_phase3_features" time="0.278" /><testcase classname="backend.tests.test_phase3_features.TestReportExports" name="test_export_csv_report" time="0.143" /><testcase classname="backend.tests.test_phase3_features.TestReportExports" name="test_export_csv_with_date_range" time="0.105" /><testcase classname="backend.tests.test_phase3_features.TestReportExports" name="test_export_csv_with_campaign_filter" time="0.155" /><testcase classname="backend.tests.test_phase3_features.TestReportExports" name="test_export_json_report" time="0.126" /><testcase classname="backend.tests.test_phase3_features.TestReportExports" name="test_export_json_with_date_range" time="0.109" /><testcase classname="backend.tests.test_phase3_features.TestMLEndpoints" name="test_get_ml_stats" time="0.233" /><testcase classname="backend.tests.test_phase3_features.TestMLEndpoints" name="test_get_ml_stats_nonexistent_campaign" time="0.108" /><testcase classname="backend.tests.test_phase3_features.TestMLEndpoints" name="test_train_ml_model" time="0.179" /><testcase classname="backend.tests.test_phase3_features.TestMLEndpoints" name="test_train_ml_model_nonexistent_campaign" time="0.138" /><testcase classname="backend.tests.test_phase3_features.TestSPOEndpoints" name="test_spo_analysis" time="0.206" /><testcase classname="backend.tests.test_phase3_features.TestSPOEndpoints" name="test_spo_analysis_nonexistent_campaign" time="0.117" /><testcase classname="backend.tests.test_phase3_features.TestBidEndpointPhase3" name="test_bid_with_user_id_for_frequency_capping" time="0.400" /><testcase classname="backend.tests.test_phase3_features.TestBidEndpointPhase3" name="test_bid_with_blocked_ssp" time="0.339" /><testcase classname="backend.tests.test_phase3_features.TestBidEndpointPhase3" name="test_bid_with_supply_chain" time="0.312" /><testcase classname="backend.tests.test_phase3_features.TestFrequencyCapEndpoints" name="test_get_user_frequency" time="0.178" /><testcase classname="backend.tests.test_phase3_features.TestFrequencyCapEndpoints" name="test_record_impression" time="0.265" /><testcase classname="backend.tests.test_phase3_features.TestFrequencyCapEndpoints" name="test_reset_campaign_frequency" time="0.233" /></testsuite></testsuites>