<?xml version="1.0" encoding="utf-8"?><testsuites name="pytest tests"><testsuite name="pytest" errors="0" failures="0" skipped="0" tests="18" time="8.108" timestamp="2026-03-05T20:07:51.140164+00:00" hostname="agent-env-d14da59f-3a0a-4f00-b460-ec122d4c50a7"><testcase classname="backend.tests.test_phase8_new_features.TestSSPEndpointsWithTokens" name="test_create_ssp_endpoint_generates_token" time="0.392" /><testcase classname="backend.tests.test_phase8_new_features.TestSSPEndpointsWithTokens" name="test_get_ssp_endpoint_url" time="0.521" /><testcase classname="backend.tests.test_phase8_new_features.TestSSPEndpointsWithTokens" name="test_bid_request_with_endpoint_token" time="0.440" /><testcase classname="backend.tests.test_phase8_new_features.TestSSPEndpointsWithTokens" name="test_bid_request_invalid_token_returns_404" time="0.255" /><testcase classname="backend.tests.test_phase8_new_features.TestSSPEndpointsWithTokens" name="test_regenerate_endpoint_token" time="0.496" /><testcase classname="backend.tests.test_phase8_new_features.TestSSPAnalytics" name="test_ssp_analytics_overview" time="0.217" /><testcase classname="backend.tests.test_phase8_new_features.TestSSPAnalytics" name="test_ssp_analytics_details" time="0.320" /><testcase classname="backend.tests.test_phase8_new_features.TestBidOptimization" name="test_bid_optimization_status" time="0.253" /><testcase classname="backend.tests.test_phase8_new_features.TestBidOptimization" name="test_enable_disable_bid_optimization" time="0.666" /><testcase classname="backend.tests.test_phase8_new_features.TestBidOptimization" name="test_run_bid_optimization" time="0.646" /><testcase classname="backend.tests.test_phase8_new_features.TestBidOptimization" name="test_bid_optimization_history" time="0.353" /><testcase classname="backend.tests.test_phase8_new_features.TestAttribution" name="test_attribution_analysis" time="0.800" /><testcase classname="backend.tests.test_phase8_new_features.TestAttribution" name="test_track_attribution_event" time="0.233" /><testcase classname="backend.tests.test_phase8_new_features.TestAttribution" name="test_user_journey" time="0.607" /><testcase classname="backend.tests.test_phase8_new_features.TestImageUpload" name="test_upload_image" time="0.380" /><testcase classname="backend.tests.test_phase8_new_features.TestImageUpload" name="test_get_uploaded_file" time="0.536" /><testcase classname="backend.tests.test_phase8_new_features.TestImageUpload" name="test_delete_uploaded_file" time="0.491" /><testcase classname="backend.tests.test_phase8_new_features.TestNavigationPages" name="test_pages_load" time="0.441" /></testsuite></testsuites>