<?xml version="1.0" encoding="utf-8"?><testsuites name="pytest tests"><testsuite name="pytest" errors="0" failures="0" skipped="0" tests="5" time="0.738" timestamp="2026-03-23T08:43:41.682521+00:00" hostname="agent-env-d14da59f-3a0a-4f00-b460-ec122d4c50a7"><testcase classname="backend.tests.test_creative_size_matching.TestCreativeSizeMatchingWithExistingCampaign" name="test_bid_request_728x90_returns_728x90_creative" time="0.255" /><testcase classname="backend.tests.test_creative_size_matching.TestCreativeSizeMatchingWithExistingCampaign" name="test_bid_request_300x250_returns_300x250_creative" time="0.097" /><testcase classname="backend.tests.test_creative_size_matching.TestCreativeSizeMatchingWithExistingCampaign" name="test_bid_request_320x480_returns_320x480_creative" time="0.105" /><testcase classname="backend.tests.test_creative_size_matching.TestCreativeSizeMatchingWithExistingCampaign" name="test_bid_request_with_format_array_728x90" time="0.101" /><testcase classname="backend.tests.test_creative_size_matching.TestCreativeSizeMatchingWithExistingCampaign" name="test_unavailable_size_returns_fallback" time="0.101" /></testsuite></testsuites>