<?xml version="1.0" encoding="utf-8"?><testsuites name="pytest tests"><testsuite name="pytest" errors="0" failures="0" skipped="0" tests="15" time="2.911" timestamp="2026-03-18T10:21:41.842361+00:00" hostname="agent-env-d14da59f-3a0a-4f00-b460-ec122d4c50a7"><testcase classname="backend.tests.test_file_uploads.TestUploadEndpoints" name="test_health_check" time="0.183" /><testcase classname="backend.tests.test_file_uploads.TestUploadEndpoints" name="test_video_upload_endpoint_exists" time="0.142" /><testcase classname="backend.tests.test_file_uploads.TestUploadEndpoints" name="test_video_upload_returns_server_url" time="0.102" /><testcase classname="backend.tests.test_file_uploads.TestUploadEndpoints" name="test_video_upload_invalid_type_rejected" time="0.166" /><testcase classname="backend.tests.test_file_uploads.TestUploadEndpoints" name="test_audio_upload_endpoint_exists" time="0.115" /><testcase classname="backend.tests.test_file_uploads.TestUploadEndpoints" name="test_audio_upload_returns_server_url" time="0.105" /><testcase classname="backend.tests.test_file_uploads.TestUploadEndpoints" name="test_audio_upload_invalid_type_rejected" time="0.164" /><testcase classname="backend.tests.test_file_uploads.TestUploadEndpoints" name="test_image_upload_endpoint_exists" time="0.127" /><testcase classname="backend.tests.test_file_uploads.TestUploadEndpoints" name="test_image_upload_returns_server_url" time="0.119" /><testcase classname="backend.tests.test_file_uploads.TestUploadEndpoints" name="test_uploaded_files_accessible" time="0.206" /><testcase classname="backend.tests.test_file_uploads.TestUploadEndpoints" name="test_nonexistent_file_returns_404" time="0.100" /><testcase classname="backend.tests.test_file_uploads.TestUploadEndpoints" name="test_video_creative_stores_server_url" time="0.372" /><testcase classname="backend.tests.test_file_uploads.TestUploadEndpoints" name="test_audio_creative_stores_server_url" time="0.348" /><testcase classname="backend.tests.test_file_uploads.TestExistingUploadedFiles" name="test_existing_audio_files_accessible" time="0.220" /><testcase classname="backend.tests.test_file_uploads.TestExistingUploadedFiles" name="test_existing_image_files_accessible" time="0.252" /></testsuite></testsuites>