<?xml version="1.0" encoding="utf-8"?><testsuites name="pytest tests"><testsuite name="pytest" errors="0" failures="0" skipped="0" tests="16" time="3.394" timestamp="2026-03-18T06:26:37.565976+00:00" hostname="agent-env-d14da59f-3a0a-4f00-b460-ec122d4c50a7"><testcase classname="tests.test_kpi_creative_features.TestCampaignKPIFields" name="test_create_campaign_with_kpi_cpm" time="0.391" /><testcase classname="tests.test_kpi_creative_features.TestCampaignKPIFields" name="test_get_campaign_returns_kpi_fields" time="0.110" /><testcase classname="tests.test_kpi_creative_features.TestCampaignKPIFields" name="test_get_campaigns_list_returns_kpi_fields" time="0.117" /><testcase classname="tests.test_kpi_creative_features.TestCampaignKPIFields" name="test_create_campaign_with_kpi_cpc" time="0.103" /><testcase classname="tests.test_kpi_creative_features.TestCampaignKPIFields" name="test_create_campaign_with_kpi_cpa" time="0.153" /><testcase classname="tests.test_kpi_creative_features.TestCampaignKPIFields" name="test_update_campaign_kpi_fields" time="0.143" /><testcase classname="tests.test_kpi_creative_features.TestCampaignKPIFields" name="test_verify_kpi_persisted_after_update" time="0.138" /><testcase classname="tests.test_kpi_creative_features.TestCreativeTypes" name="test_create_banner_creative" time="0.103" /><testcase classname="tests.test_kpi_creative_features.TestCreativeTypes" name="test_create_video_creative_vast_url" time="0.117" /><testcase classname="tests.test_kpi_creative_features.TestCreativeTypes" name="test_create_video_creative_vast_xml" time="0.109" /><testcase classname="tests.test_kpi_creative_features.TestCreativeTypes" name="test_create_native_creative" time="0.109" /><testcase classname="tests.test_kpi_creative_features.TestCreativeTypes" name="test_create_audio_creative_vast_url" time="0.111" /><testcase classname="tests.test_kpi_creative_features.TestCreativeTypes" name="test_create_audio_creative_with_companion" time="0.105" /><testcase classname="tests.test_kpi_creative_features.TestCreativeTypes" name="test_get_creatives_returns_all_types" time="0.099" /><testcase classname="tests.test_kpi_creative_features.TestCleanup" name="test_cleanup_test_campaigns" time="0.466" /><testcase classname="tests.test_kpi_creative_features.TestCleanup" name="test_cleanup_test_creatives" time="0.832" /></testsuite></testsuites>