<?xml version="1.0" encoding="utf-8"?><testsuites name="pytest tests"><testsuite name="pytest" errors="0" failures="2" skipped="0" tests="25" time="6.319" timestamp="2026-03-13T08:46:17.421581+00:00" hostname="agent-env-d14da59f-3a0a-4f00-b460-ec122d4c50a7"><testcase classname="backend.tests.test_ad_performance_enhanced.TestEnhancedAdPerformanceReport" name="test_new_dimension_bundle" time="0.310" /><testcase classname="backend.tests.test_ad_performance_enhanced.TestEnhancedAdPerformanceReport" name="test_new_dimension_app_name" time="0.256" /><testcase classname="backend.tests.test_ad_performance_enhanced.TestEnhancedAdPerformanceReport" name="test_new_dimension_country" time="0.321" /><testcase classname="backend.tests.test_ad_performance_enhanced.TestEnhancedAdPerformanceReport" name="test_new_dimension_city" time="0.250" /><testcase classname="backend.tests.test_ad_performance_enhanced.TestEnhancedAdPerformanceReport" name="test_new_dimension_ip" time="0.274" /><testcase classname="backend.tests.test_ad_performance_enhanced.TestEnhancedAdPerformanceReport" name="test_new_dimension_os" time="0.263" /><testcase classname="backend.tests.test_ad_performance_enhanced.TestEnhancedAdPerformanceReport" name="test_new_dimension_make" time="0.230" /><testcase classname="backend.tests.test_ad_performance_enhanced.TestEnhancedAdPerformanceReport" name="test_all_11_dimensions" time="0.250" /><testcase classname="backend.tests.test_ad_performance_enhanced.TestEnhancedAdPerformanceReport" name="test_core_metrics_only" time="0.259" /><testcase classname="backend.tests.test_ad_performance_enhanced.TestEnhancedAdPerformanceReport" name="test_derived_metrics" time="0.272" /><testcase classname="backend.tests.test_ad_performance_enhanced.TestEnhancedAdPerformanceReport" name="test_video_metrics_only" time="0.273" /><testcase classname="backend.tests.test_ad_performance_enhanced.TestEnhancedAdPerformanceReport" name="test_all_15_metrics" time="0.273" /><testcase classname="backend.tests.test_ad_performance_enhanced.TestEnhancedAdPerformanceReport" name="test_selective_metrics_filtering" time="0.274" /><testcase classname="backend.tests.test_ad_performance_enhanced.TestEnhancedAdPerformanceReport" name="test_campaign_filter" time="0.268" /><testcase classname="backend.tests.test_ad_performance_enhanced.TestEnhancedAdPerformanceReport" name="test_creative_filter" time="0.239" /><testcase classname="backend.tests.test_ad_performance_enhanced.TestEnhancedAdPerformanceReport" name="test_response_has_report_metadata" time="0.265" /><testcase classname="backend.tests.test_ad_performance_enhanced.TestEnhancedAdPerformanceReport" name="test_response_has_summary" time="0.236" /><testcase classname="backend.tests.test_ad_performance_enhanced.TestEnhancedAdPerformanceReport" name="test_response_has_data_array" time="0.269" /><testcase classname="backend.tests.test_ad_performance_enhanced.TestEnhancedAdPerformanceReport" name="test_num_rows_parameter" time="0.533"><failure message="AssertionError: assert 10 == 25&#10; +  where 10 = len([{'impressions': 3597, 'source': 'Test'}, {'impressions': 24, 'source': 'Unknown'}, {'impressions': 9, 'source': 'c6e3b169-236d-4718-a779-586a7b184e7f'}, {'impressions': 5, 'source': 'Test 2'}, {'impressions': 2, 'source': '6b96413e-32cb-4ae6-8ec6-b95858b33059'}, {'impressions': 1, 'source': '7ab117fe-f1d7-465b-8ac5-626a3fab6dce'}, ...])">backend/tests/test_ad_performance_enhanced.py:387: in test_num_rows_parameter
    assert len(data["data"]) == expected_rows
E   AssertionError: assert 10 == 25
E    +  where 10 = len([{'impressions': 3597, 'source': 'Test'}, {'impressions': 24, 'source': 'Unknown'}, {'impressions': 9, 'source': 'c6e3b169-236d-4718-a779-586a7b184e7f'}, {'impressions': 5, 'source': 'Test 2'}, {'impressions': 2, 'source': '6b96413e-32cb-4ae6-8ec6-b95858b33059'}, {'impressions': 1, 'source': '7ab117fe-f1d7-465b-8ac5-626a3fab6dce'}, ...])</failure></testcase><testcase classname="backend.tests.test_ad_performance_enhanced.TestEnhancedAdPerformanceReport" name="test_large_dataset" time="0.266"><failure message="AssertionError: assert 24 == 1000&#10; +  where 24 = len([{'clicks': 58, 'domain': 'Unknown', 'impressions': 3581, 'source': 'Test', ...}, {'clicks': 0, 'domain': 'examplenews.com', 'impressions': 13, 'source': 'Test', ...}, {'clicks': 0, 'domain': 'Unknown', 'impressions': 9, 'source': 'c6e3b169-236d-4718-a779-586a7b184e7f', ...}, {'clicks': 1, 'domain': 'examplenews.com', 'impressions': 9, 'source': 'Unknown', ...}, {'clicks': 0, 'domain': 'example.com', 'impressions': 7, 'source': 'Unknown', ...}, {'clicks': 0, 'domain': 'Unknown', 'impressions': 5, 'source': 'Unknown', ...}, ...])">backend/tests/test_ad_performance_enhanced.py:401: in test_large_dataset
    assert len(data["data"]) == 1000
E   AssertionError: assert 24 == 1000
E    +  where 24 = len([{'clicks': 58, 'domain': 'Unknown', 'impressions': 3581, 'source': 'Test', ...}, {'clicks': 0, 'domain': 'examplenews.com', 'impressions': 13, 'source': 'Test', ...}, {'clicks': 0, 'domain': 'Unknown', 'impressions': 9, 'source': 'c6e3b169-236d-4718-a779-586a7b184e7f', ...}, {'clicks': 1, 'domain': 'examplenews.com', 'impressions': 9, 'source': 'Unknown', ...}, {'clicks': 0, 'domain': 'example.com', 'impressions': 7, 'source': 'Unknown', ...}, {'clicks': 0, 'domain': 'Unknown', 'impressions': 5, 'source': 'Unknown', ...}, ...])</failure></testcase><testcase classname="backend.tests.test_ad_performance_enhanced.TestEnhancedAdPerformanceReport" name="test_get_report_templates" time="0.099" /><testcase classname="backend.tests.test_ad_performance_enhanced.TestEnhancedAdPerformanceReport" name="test_get_specific_template" time="0.103" /><testcase classname="backend.tests.test_ad_performance_enhanced.TestEnhancedAdPerformanceReport" name="test_create_custom_template" time="0.217" /><testcase classname="backend.tests.test_ad_performance_enhanced.TestCampaignsAndCreativesEndpoints" name="test_get_campaigns" time="0.105" /><testcase classname="backend.tests.test_ad_performance_enhanced.TestCampaignsAndCreativesEndpoints" name="test_get_creatives" time="0.108" /></testsuite></testsuites>