<?xml version="1.0" encoding="utf-8"?><testsuites name="pytest tests"><testsuite name="pytest" errors="0" failures="0" skipped="0" tests="26" time="4.732" timestamp="2026-03-19T11:06:13.165168+00:00" hostname="agent-env-d14da59f-3a0a-4f00-b460-ec122d4c50a7"><testcase classname="backend.tests.test_rbac_auth.TestAuthEndpoints" name="test_health_check" time="0.141" /><testcase classname="backend.tests.test_rbac_auth.TestAuthEndpoints" name="test_login_user_account" time="0.116" /><testcase classname="backend.tests.test_rbac_auth.TestAuthEndpoints" name="test_login_advertiser_account" time="0.115" /><testcase classname="backend.tests.test_rbac_auth.TestAuthEndpoints" name="test_login_admin_account" time="0.147" /><testcase classname="backend.tests.test_rbac_auth.TestAuthEndpoints" name="test_login_superadmin_account" time="0.112" /><testcase classname="backend.tests.test_rbac_auth.TestAuthEndpoints" name="test_login_invalid_credentials" time="0.104" /><testcase classname="backend.tests.test_rbac_auth.TestAuthEndpoints" name="test_auth_me_endpoint" time="0.234" /><testcase classname="backend.tests.test_rbac_auth.TestAuthEndpoints" name="test_auth_me_without_token" time="0.108" /><testcase classname="backend.tests.test_rbac_auth.TestAuthEndpoints" name="test_logout" time="0.449" /><testcase classname="backend.tests.test_rbac_auth.TestRoleBasedSidebarAccess" name="test_user_sidebar_access" time="0.101" /><testcase classname="backend.tests.test_rbac_auth.TestRoleBasedSidebarAccess" name="test_advertiser_sidebar_access" time="0.107" /><testcase classname="backend.tests.test_rbac_auth.TestRoleBasedSidebarAccess" name="test_admin_sidebar_access" time="0.101" /><testcase classname="backend.tests.test_rbac_auth.TestRoleBasedSidebarAccess" name="test_superadmin_sidebar_access" time="0.103" /><testcase classname="backend.tests.test_rbac_auth.TestAdminEndpoints" name="test_get_users_as_superadmin" time="0.227" /><testcase classname="backend.tests.test_rbac_auth.TestAdminEndpoints" name="test_get_users_as_admin" time="0.215" /><testcase classname="backend.tests.test_rbac_auth.TestAdminEndpoints" name="test_get_users_as_regular_user_denied" time="0.244" /><testcase classname="backend.tests.test_rbac_auth.TestAdminEndpoints" name="test_get_role_configs_as_superadmin" time="0.217" /><testcase classname="backend.tests.test_rbac_auth.TestAdminEndpoints" name="test_get_role_configs_as_admin_denied" time="0.211" /><testcase classname="backend.tests.test_rbac_auth.TestAdminEndpoints" name="test_get_sidebar_items_as_superadmin" time="0.277" /><testcase classname="backend.tests.test_rbac_auth.TestAdminEndpoints" name="test_get_permissions_as_superadmin" time="0.232" /><testcase classname="backend.tests.test_rbac_auth.TestUserManagement" name="test_create_user_as_admin" time="0.205" /><testcase classname="backend.tests.test_rbac_auth.TestUserManagement" name="test_admin_cannot_create_superadmin" time="0.225" /><testcase classname="backend.tests.test_rbac_auth.TestUserManagement" name="test_superadmin_can_create_admin" time="0.324" /><testcase classname="backend.tests.test_rbac_auth.TestRegistration" name="test_self_register_as_user" time="0.105" /><testcase classname="backend.tests.test_rbac_auth.TestRegistration" name="test_cannot_self_register_as_admin" time="0.109" /><testcase classname="backend.tests.test_rbac_auth.TestRegistration" name="test_cannot_self_register_as_superadmin" time="0.115" /></testsuite></testsuites>