<?xml version="1.0" encoding="utf-8"?><testsuites name="pytest tests"><testsuite name="pytest" errors="0" failures="0" skipped="0" tests="15" time="2.667" timestamp="2026-03-05T20:29:38.423260+00:00" hostname="agent-env-d14da59f-3a0a-4f00-b460-ec122d4c50a7"><testcase classname="backend.tests.test_phase9_features.TestWebSocketAndBidStream" name="test_api_health" time="0.134" /><testcase classname="backend.tests.test_phase9_features.TestWebSocketAndBidStream" name="test_get_bid_stream_endpoint" time="0.157" /><testcase classname="backend.tests.test_phase9_features.TestWebSocketAndBidStream" name="test_bid_logs_endpoint" time="0.112" /><testcase classname="backend.tests.test_phase9_features.TestSSPBidEndpoint" name="test_ssp_endpoints_list" time="0.134" /><testcase classname="backend.tests.test_phase9_features.TestSSPBidEndpoint" name="test_bid_endpoint_with_token_mobile_device" time="0.134" /><testcase classname="backend.tests.test_phase9_features.TestSSPBidEndpoint" name="test_bid_endpoint_invalid_token" time="0.116" /><testcase classname="backend.tests.test_phase9_features.TestSSPBidEndpoint" name="test_bid_endpoint_generic" time="0.132" /><testcase classname="backend.tests.test_phase9_features.TestCampaignWizardAPIs" name="test_get_campaigns" time="0.129" /><testcase classname="backend.tests.test_phase9_features.TestCampaignWizardAPIs" name="test_get_creatives" time="0.511" /><testcase classname="backend.tests.test_phase9_features.TestCampaignWizardAPIs" name="test_get_reference_data" time="0.103" /><testcase classname="backend.tests.test_phase9_features.TestCampaignWizardAPIs" name="test_create_campaign_via_wizard" time="0.338" /><testcase classname="backend.tests.test_phase9_features.TestCampaignCRUD" name="test_get_single_campaign" time="0.248" /><testcase classname="backend.tests.test_phase9_features.TestCampaignCRUD" name="test_campaign_not_found" time="0.115" /><testcase classname="backend.tests.test_phase9_features.TestDashboardAndStats" name="test_dashboard_stats" time="0.120" /><testcase classname="backend.tests.test_phase9_features.TestDashboardAndStats" name="test_chart_data" time="0.119" /></testsuite></testsuites>